{"total": {"lines":{"total":431,"covered":90,"skipped":0,"pct":20.88},"statements":{"total":460,"covered":90,"skipped":0,"pct":19.56},"functions":{"total":91,"covered":3,"skipped":0,"pct":3.29},"branches":{"total":288,"covered":44,"skipped":0,"pct":15.27},"branchesTrue":{"total":0,"covered":0,"skipped":0,"pct":100}}
,"/Users/oleksandrnefodov/Sources/reapptor-components/ReApptor.TypeScript.Linq/src/Linq.ts": {"lines":{"total":1,"covered":1,"skipped":0,"pct":100},"functions":{"total":1,"covered":0,"skipped":0,"pct":0},"statements":{"total":1,"covered":1,"skipped":0,"pct":100},"branches":{"total":0,"covered":0,"skipped":0,"pct":100}}
,"/Users/oleksandrnefodov/Sources/reapptor-components/ReApptor.TypeScript.Linq/src/LinqSettings.ts": {"lines":{"total":4,"covered":3,"skipped":0,"pct":75},"functions":{"total":1,"covered":0,"skipped":0,"pct":0},"statements":{"total":4,"covered":3,"skipped":0,"pct":75},"branches":{"total":5,"covered":0,"skipped":0,"pct":0}}
,"/Users/oleksandrnefodov/Sources/reapptor-components/ReApptor.TypeScript.Linq/src/index.ts": {"lines":{"total":0,"covered":0,"skipped":0,"pct":0},"functions":{"total":0,"covered":0,"skipped":0,"pct":0},"statements":{"total":0,"covered":0,"skipped":0,"pct":0},"branches":{"total":0,"covered":0,"skipped":0,"pct":0}}
,"/Users/oleksandrnefodov/Sources/reapptor-components/ReApptor.TypeScript.Linq/src/extensions/ArrayExtensions.ts": {"lines":{"total":122,"covered":83,"skipped":0,"pct":68.03},"functions":{"total":41,"covered":2,"skipped":0,"pct":4.87},"statements":{"total":122,"covered":83,"skipped":0,"pct":68.03},"branches":{"total":82,"covered":40,"skipped":0,"pct":48.78}}
,"/Users/oleksandrnefodov/Sources/reapptor-components/ReApptor.TypeScript.Linq/src/utilities/ArrayUtility.ts": {"lines":{"total":304,"covered":3,"skipped":0,"pct":0.98},"functions":{"total":48,"covered":1,"skipped":0,"pct":2.08},"statements":{"total":333,"covered":3,"skipped":0,"pct":0.9},"branches":{"total":201,"covered":4,"skipped":0,"pct":1.99}}
}
