{"total": {"lines":{"total":414,"covered":379,"skipped":0,"pct":91.54},"statements":{"total":441,"covered":403,"skipped":0,"pct":91.38},"functions":{"total":89,"covered":86,"skipped":0,"pct":96.62},"branches":{"total":276,"covered":195,"skipped":0,"pct":70.65},"branchesTrue":{"total":0,"covered":0,"skipped":0,"pct":100}}
,"/Users/popovan/SS/BB-MAC/reapptor-components/ReApptor.TypeScript.Linq/src/Linq.ts": {"lines":{"total":1,"covered":1,"skipped":0,"pct":100},"functions":{"total":1,"covered":0,"skipped":0,"pct":0},"statements":{"total":1,"covered":1,"skipped":0,"pct":100},"branches":{"total":0,"covered":0,"skipped":0,"pct":100}}
,"/Users/popovan/SS/BB-MAC/reapptor-components/ReApptor.TypeScript.Linq/src/LinqSettings.ts": {"lines":{"total":4,"covered":4,"skipped":0,"pct":100},"functions":{"total":1,"covered":1,"skipped":0,"pct":100},"statements":{"total":4,"covered":4,"skipped":0,"pct":100},"branches":{"total":5,"covered":5,"skipped":0,"pct":100}}
,"/Users/popovan/SS/BB-MAC/reapptor-components/ReApptor.TypeScript.Linq/src/index.ts": {"lines":{"total":0,"covered":0,"skipped":0,"pct":0},"functions":{"total":0,"covered":0,"skipped":0,"pct":0},"statements":{"total":0,"covered":0,"skipped":0,"pct":0},"branches":{"total":0,"covered":0,"skipped":0,"pct":0}}
,"/Users/popovan/SS/BB-MAC/reapptor-components/ReApptor.TypeScript.Linq/src/extensions/ArrayExtensions.ts": {"lines":{"total":116,"covered":116,"skipped":0,"pct":100},"functions":{"total":39,"covered":39,"skipped":0,"pct":100},"statements":{"total":116,"covered":116,"skipped":0,"pct":100},"branches":{"total":78,"covered":38,"skipped":0,"pct":48.71}}
,"/Users/popovan/SS/BB-MAC/reapptor-components/ReApptor.TypeScript.Linq/src/utilities/ArrayUtility.ts": {"lines":{"total":293,"covered":258,"skipped":0,"pct":88.05},"functions":{"total":48,"covered":46,"skipped":0,"pct":95.83},"statements":{"total":320,"covered":282,"skipped":0,"pct":88.12},"branches":{"total":193,"covered":152,"skipped":0,"pct":78.75}}
}
